{
  "RSpec": {
    "coverage": {
      "/Users/ossahota/Projects/tech-tests/bank-tech-test/spec/account_spec.rb": [
        1,
        null,
        1,
        null,
        4,
        null,
        1,
        1,
        1,
        null,
        null,
        1,
        1,
        1,
        1,
        null,
        null,
        null,
        1,
        1,
        1,
        1,
        null,
        null,
        null,
        null
      ],
      "/Users/ossahota/Projects/tech-tests/bank-tech-test/lib/account.rb": [
        1,
        null,
        1,
        null,
        1,
        3,
        null,
        null,
        1,
        null,
        null,
        null,
        4,
        null,
        null,
        null,
        1,
        1,
        1,
        null,
        null,
        1,
        5,
        null,
        null,
        null
      ],
      "/Users/ossahota/Projects/tech-tests/bank-tech-test/spec/balance_spec.rb": [
        null,
        null,
        null,
        null,
        null,
        null,
        null,
        null,
        null,
        null,
        null,
        null,
        null
      ]
    },
    "timestamp": 1549897430
  }
}
